<?xml version="1.0" encoding="UTF-8"?>
<!-- Generated by org.testng.reporters.JUnitXMLReporter -->
<testsuite hostname="Vivek-PC" ignored="0" name="AndroidWifi" tests="3" failures="0" timestamp="08 Jun 2021 10:20:43 GMT" time="44.822" errors="0">
  <testcase name="invalidUserName" time="9.997" classname="com.qa.tests.LoginTests"/>
  <testcase name="InvalidPassword" time="10.663" classname="com.qa.tests.LoginTests"/>
  <testcase name="successFulLogin" time="9.544" classname="com.qa.tests.LoginTests"/>
</testsuite> <!-- AndroidWifi -->
