<?xml version="1.0" encoding="UTF-8"?>
<!-- Generated by org.testng.reporters.JUnitXMLReporter -->
<testsuite hostname="Vivek-PC" ignored="2" name="Test" tests="1" failures="0" timestamp="08 Jun 2021 07:06:37 GMT" time="26.03" errors="0">
  <testcase name="successFulLogin" time="11.373" classname="com.qa.tests.LoginTests"/>
  <testcase name="invalidUserName" time="0.0" classname="com.qa.tests.LoginTests">
    <ignored/>
  </testcase> <!-- invalidUserName -->
  <testcase name="InvalidPassword" time="0.0" classname="com.qa.tests.LoginTests">
    <ignored/>
  </testcase> <!-- InvalidPassword -->
</testsuite> <!-- Test -->
