<?xml version="1.0" encoding="UTF-8"?>
<testng-results skipped="0" failed="0" ignored="0" total="5" passed="5">
  <reporter-output>
  </reporter-output>
  <suite name="Suite" duration-ms="44822" started-at="2021-06-08T10:19:58Z" finished-at="2021-06-08T10:20:43Z">
    <groups>
    </groups>
    <test name="AndroidUSB" duration-ms="42278" started-at="2021-06-08T10:19:58Z" finished-at="2021-06-08T10:20:41Z">
      <class name="com.qa.tests.ProductTest">
        <test-method status="PASS" signature="setUp()[pri:0, instance:com.qa.tests.ProductTest@1500955a]" name="setUp" is-config="true" duration-ms="31" started-at="2021-06-08T10:19:58Z" finished-at="2021-06-08T10:19:58Z">
          <reporter-output>
          </reporter-output>
        </test-method> <!-- setUp -->
        <test-method status="PASS" signature="login(java.lang.String, java.lang.String, java.lang.String, java.lang.String, java.lang.String, java.lang.String, java.lang.String)[pri:0, instance:com.qa.tests.ProductTest@1500955a]" name="login" is-config="true" duration-ms="17664" started-at="2021-06-08T10:19:58Z" finished-at="2021-06-08T10:20:16Z">
          <params>
            <param index="0">
              <value>
                <![CDATA[AndroidUSB]]>
              </value>
            </param>
            <param index="1">
              <value>
                <![CDATA[AndroidUSBConncetdDevice]]>
              </value>
            </param>
            <param index="2">
              <value>
                <![CDATA[10.0]]>
              </value>
            </param>
            <param index="3">
              <value>
                <![CDATA[false]]>
              </value>
            </param>
            <param index="4">
              <value>
                <![CDATA[udidForDevice1]]>
              </value>
            </param>
            <param index="5">
              <value>
                <![CDATA[1cc2d64c]]>
              </value>
            </param>
            <param index="6">
              <value>
                <![CDATA[emulator-5554]]>
              </value>
            </param>
          </params>
          <reporter-output>
          </reporter-output>
        </test-method> <!-- login -->
        <test-method status="PASS" signature="validateProductOnProductPage()[pri:0, instance:com.qa.tests.ProductTest@1500955a]" name="validateProductOnProductPage" duration-ms="2733" started-at="2021-06-08T10:20:16Z" finished-at="2021-06-08T10:20:19Z">
          <reporter-output>
          </reporter-output>
        </test-method> <!-- validateProductOnProductPage -->
        <test-method status="PASS" signature="tearDown()[pri:0, instance:com.qa.tests.ProductTest@1500955a]" name="tearDown" is-config="true" duration-ms="485" started-at="2021-06-08T10:20:19Z" finished-at="2021-06-08T10:20:19Z">
          <reporter-output>
          </reporter-output>
        </test-method> <!-- tearDown -->
        <test-method status="PASS" signature="login(java.lang.String, java.lang.String, java.lang.String, java.lang.String, java.lang.String, java.lang.String, java.lang.String)[pri:0, instance:com.qa.tests.ProductTest@1500955a]" name="login" is-config="true" duration-ms="16255" started-at="2021-06-08T10:20:19Z" finished-at="2021-06-08T10:20:35Z">
          <params>
            <param index="0">
              <value>
                <![CDATA[AndroidUSB]]>
              </value>
            </param>
            <param index="1">
              <value>
                <![CDATA[AndroidUSBConncetdDevice]]>
              </value>
            </param>
            <param index="2">
              <value>
                <![CDATA[10.0]]>
              </value>
            </param>
            <param index="3">
              <value>
                <![CDATA[false]]>
              </value>
            </param>
            <param index="4">
              <value>
                <![CDATA[udidForDevice1]]>
              </value>
            </param>
            <param index="5">
              <value>
                <![CDATA[1cc2d64c]]>
              </value>
            </param>
            <param index="6">
              <value>
                <![CDATA[emulator-5554]]>
              </value>
            </param>
          </params>
          <reporter-output>
          </reporter-output>
        </test-method> <!-- login -->
        <test-method status="PASS" signature="validateProductOnProductsDeatislPage()[pri:0, instance:com.qa.tests.ProductTest@1500955a]" name="validateProductOnProductsDeatislPage" duration-ms="4687" started-at="2021-06-08T10:20:35Z" finished-at="2021-06-08T10:20:40Z">
          <reporter-output>
          </reporter-output>
        </test-method> <!-- validateProductOnProductsDeatislPage -->
        <test-method status="PASS" signature="tearDown()[pri:0, instance:com.qa.tests.ProductTest@1500955a]" name="tearDown" is-config="true" duration-ms="438" started-at="2021-06-08T10:20:40Z" finished-at="2021-06-08T10:20:41Z">
          <reporter-output>
          </reporter-output>
        </test-method> <!-- tearDown -->
      </class> <!-- com.qa.tests.ProductTest -->
    </test> <!-- AndroidUSB -->
    <test name="AndroidWifi" duration-ms="44822" started-at="2021-06-08T10:19:58Z" finished-at="2021-06-08T10:20:43Z">
      <class name="com.qa.tests.LoginTests">
        <test-method status="PASS" signature="beforeMethod(java.lang.String, java.lang.String, java.lang.String, java.lang.String, java.lang.String, java.lang.String, java.lang.String)[pri:0, instance:com.qa.tests.LoginTests@4b553d26]" name="beforeMethod" is-config="true" duration-ms="14165" started-at="2021-06-08T10:19:58Z" finished-at="2021-06-08T10:20:13Z">
          <params>
            <param index="0">
              <value>
                <![CDATA[AndroidWifi]]>
              </value>
            </param>
            <param index="1">
              <value>
                <![CDATA[AndroidWifiDevice]]>
              </value>
            </param>
            <param index="2">
              <value>
                <![CDATA[9.0]]>
              </value>
            </param>
            <param index="3">
              <value>
                <![CDATA[false]]>
              </value>
            </param>
            <param index="4">
              <value>
                <![CDATA[192.168.29.234:5555]]>
              </value>
            </param>
            <param index="5">
              <value>
                <![CDATA[udidForDevice2]]>
              </value>
            </param>
            <param index="6">
              <value>
                <![CDATA[emulator-5554]]>
              </value>
            </param>
          </params>
          <reporter-output>
          </reporter-output>
        </test-method> <!-- beforeMethod -->
        <test-method status="PASS" signature="invalidUserName()[pri:1, instance:com.qa.tests.LoginTests@4b553d26]" name="invalidUserName" duration-ms="9997" started-at="2021-06-08T10:20:13Z" finished-at="2021-06-08T10:20:22Z">
          <reporter-output>
          </reporter-output>
        </test-method> <!-- invalidUserName -->
        <test-method status="PASS" signature="InvalidPassword()[pri:2, instance:com.qa.tests.LoginTests@4b553d26]" name="InvalidPassword" duration-ms="10663" started-at="2021-06-08T10:20:22Z" finished-at="2021-06-08T10:20:33Z">
          <reporter-output>
          </reporter-output>
        </test-method> <!-- InvalidPassword -->
        <test-method status="PASS" signature="successFulLogin()[pri:3, instance:com.qa.tests.LoginTests@4b553d26]" name="successFulLogin" duration-ms="9544" started-at="2021-06-08T10:20:33Z" finished-at="2021-06-08T10:20:43Z">
          <reporter-output>
          </reporter-output>
        </test-method> <!-- successFulLogin -->
        <test-method status="PASS" signature="tearDown()[pri:0, instance:com.qa.tests.LoginTests@4b553d26]" name="tearDown" is-config="true" duration-ms="437" started-at="2021-06-08T10:20:43Z" finished-at="2021-06-08T10:20:43Z">
          <reporter-output>
          </reporter-output>
        </test-method> <!-- tearDown -->
      </class> <!-- com.qa.tests.LoginTests -->
    </test> <!-- AndroidWifi -->
  </suite> <!-- Suite -->
</testng-results>
